生成启动时间为 2019/11/8 10:39:00。
     1>项目“G:\a大三上\算法分析与设计\算法实验\实验一\VS项目\快速排序C\快速排序C\快速排序C.vcxproj”在节点 2 上(build 个目标)。
     1>InitializeBuildStatus:
         正在创建“Debug\快速排序C.unsuccessfulbuild”，因为已指定“AlwaysCreate”。
       ClCompile:
         所有输出均为最新。
         f:\软件Bench\图形学\VS2010安装路径\VC\bin\CL.exe /c /ZI /nologo /W3 /WX- /Od /Oy- /D WIN32 /D _DEBUG /D _CONSOLE /D _UNICODE /D UNICODE /Gm /EHsc /RTC1 /MDd /GS /fp:precise /Zc:wchar_t /Zc:forScope /Yu"StdAfx.h" /Fp"Debug\快速排序C.pch" /Fo"Debug\\" /Fd"Debug\vc100.pdb" /Gd /TP /analyze- /errorReport:prompt "快速排序C.cpp"
         快速排序C.cpp
     1>g:\a大三上\算法分析与设计\算法实验\实验一\vs项目\快速排序c\快速排序c\快速排序c.cpp(17): warning C4996: 'fopen': This function or variable may be unsafe. Consider using fopen_s instead. To disable deprecation, use _CRT_SECURE_NO_WARNINGS. See online help for details.
                 f:\软件bench\图形学\vs2010安装路径\vc\include\stdio.h(234) : 参见“fopen”的声明
     1>g:\a大三上\算法分析与设计\算法实验\实验一\vs项目\快速排序c\快速排序c\快速排序c.cpp(22): warning C4996: 'fscanf': This function or variable may be unsafe. Consider using fscanf_s instead. To disable deprecation, use _CRT_SECURE_NO_WARNINGS. See online help for details.
                 f:\软件bench\图形学\vs2010安装路径\vc\include\stdio.h(253) : 参见“fscanf”的声明
     1>g:\a大三上\算法分析与设计\算法实验\实验一\vs项目\快速排序c\快速排序c\快速排序c.cpp(43): warning C4996: 'fopen': This function or variable may be unsafe. Consider using fopen_s instead. To disable deprecation, use _CRT_SECURE_NO_WARNINGS. See online help for details.
                 f:\软件bench\图形学\vs2010安装路径\vc\include\stdio.h(234) : 参见“fopen”的声明
       ManifestResourceCompile:
         所有输出均为最新。
       Link:
         f:\软件Bench\图形学\VS2010安装路径\VC\bin\link.exe /ERRORREPORT:PROMPT /OUT:"G:\a大三上\算法分析与设计\算法实验\实验一\VS项目\快速排序C\Debug\快速排序C.exe" /INCREMENTAL /NOLOGO kernel32.lib user32.lib gdi32.lib winspool.lib comdlg32.lib advapi32.lib shell32.lib ole32.lib oleaut32.lib uuid.lib odbc32.lib odbccp32.lib /MANIFEST /ManifestFile:"Debug\快速排序C.exe.intermediate.manifest" /MANIFESTUAC:"level='asInvoker' uiAccess='false'" /DEBUG /PDB:"G:\a大三上\算法分析与设计\算法实验\实验一\VS项目\快速排序C\Debug\快速排序C.pdb" /SUBSYSTEM:CONSOLE /TLBID:1 /DYNAMICBASE /NXCOMPAT /IMPLIB:"G:\a大三上\算法分析与设计\算法实验\实验一\VS项目\快速排序C\Debug\快速排序C.lib" /MACHINE:X86 "Debug\快速排序C.exe.embed.manifest.res"
         Debug\stdafx.obj
         "Debug\快速排序C.obj"
       Manifest:
         C:\Program Files (x86)\Microsoft SDKs\Windows\v7.0A\bin\mt.exe /nologo /verbose /out:"Debug\快速排序C.exe.embed.manifest" /manifest "Debug\快速排序C.exe.intermediate.manifest"
         所有输出均为最新。
       LinkEmbedManifest:
         所有输出均为最新。
         快速排序C.vcxproj -> G:\a大三上\算法分析与设计\算法实验\实验一\VS项目\快速排序C\Debug\快速排序C.exe
       FinalizeBuildStatus:
         正在删除文件“Debug\快速排序C.unsuccessfulbuild”。
         正在对“Debug\快速排序C.lastbuildstate”执行 Touch 任务。
     1>已完成生成项目“G:\a大三上\算法分析与设计\算法实验\实验一\VS项目\快速排序C\快速排序C\快速排序C.vcxproj”(build 个目标)的操作。

生成成功。

已用时间 00:00:03.29
