生成启动时间为 2019/11/6 8:53:13。
     1>项目“C:\Users\Administrator\Desktop\算法实验\实验一\VS项目\quick_sorting\quick_sorting\quick_sorting.vcxproj”在节点 2 上(build 个目标)。
     1>InitializeBuildStatus:
         正在创建“Debug\quick_sorting.unsuccessfulbuild”，因为已指定“AlwaysCreate”。
       ClCompile:
         所有输出均为最新。
         c:\Program Files (x86)\Microsoft Visual Studio 10.0\VC\bin\CL.exe /c /ZI /nologo /W3 /WX- /Od /Oy- /D WIN32 /D _DEBUG /D _CONSOLE /D _UNICODE /D UNICODE /Gm /EHsc /RTC1 /MDd /GS /fp:precise /Zc:wchar_t /Zc:forScope /Yu"StdAfx.h" /Fp"Debug\quick_sorting.pch" /Fo"Debug\\" /Fd"Debug\vc100.pdb" /Gd /TP /analyze- /errorReport:prompt quick_sorting.cpp
         quick_sorting.cpp
       ManifestResourceCompile:
         所有输出均为最新。
       Link:
         c:\Program Files (x86)\Microsoft Visual Studio 10.0\VC\bin\link.exe /ERRORREPORT:PROMPT /OUT:"C:\Users\Administrator\Desktop\算法实验\实验一\VS项目\quick_sorting\Debug\quick_sorting.exe" /INCREMENTAL /NOLOGO kernel32.lib user32.lib gdi32.lib winspool.lib comdlg32.lib advapi32.lib shell32.lib ole32.lib oleaut32.lib uuid.lib odbc32.lib odbccp32.lib /MANIFEST /ManifestFile:"Debug\quick_sorting.exe.intermediate.manifest" /MANIFESTUAC:"level='asInvoker' uiAccess='false'" /DEBUG /PDB:"C:\Users\Administrator\Desktop\算法实验\实验一\VS项目\quick_sorting\Debug\quick_sorting.pdb" /SUBSYSTEM:CONSOLE /TLBID:1 /DYNAMICBASE /NXCOMPAT /IMPLIB:"C:\Users\Administrator\Desktop\算法实验\实验一\VS项目\quick_sorting\Debug\quick_sorting.lib" /MACHINE:X86 Debug\quick_sorting.exe.embed.manifest.res
         Debug\quick_sorting.obj
         Debug\stdafx.obj
       Manifest:
         c:\Program Files (x86)\Microsoft SDKs\Windows\v7.0A\bin\mt.exe /nologo /verbose /out:"Debug\quick_sorting.exe.embed.manifest" /manifest Debug\quick_sorting.exe.intermediate.manifest
         所有输出均为最新。
       LinkEmbedManifest:
         所有输出均为最新。
         quick_sorting.vcxproj -> C:\Users\Administrator\Desktop\算法实验\实验一\VS项目\quick_sorting\Debug\quick_sorting.exe
       FinalizeBuildStatus:
         正在删除文件“Debug\quick_sorting.unsuccessfulbuild”。
         正在对“Debug\quick_sorting.lastbuildstate”执行 Touch 任务。
     1>已完成生成项目“C:\Users\Administrator\Desktop\算法实验\实验一\VS项目\quick_sorting\quick_sorting\quick_sorting.vcxproj”(build 个目标)的操作。

生成成功。

已用时间 00:00:01.09
